Copyright 1986-2022 Xilinx, Inc. All Rights Reserved.
--------------------------------------------------------------------------------------------------------------------------------------------------------------
| Tool Version : Vivado v.2022.2 (win64) Build 3671981 Fri Oct 14 05:00:03 MDT 2022
| Date         : Sun Jun 18 14:50:10 2023
| Host         : DESKTOP-BU2GSH7 running 64-bit major release  (build 9200)
| Command      : report_methodology -file toplevel_methodology_drc_routed.rpt -pb toplevel_methodology_drc_routed.pb -rpx toplevel_methodology_drc_routed.rpx
| Design       : toplevel
| Device       : xc7a100tcsg324-1
| Speed File   : -1
| Design State : Fully Routed
--------------------------------------------------------------------------------------------------------------------------------------------------------------

Report Methodology

Table of Contents
-----------------
1. REPORT SUMMARY
2. REPORT DETAILS

1. REPORT SUMMARY
-----------------
            Netlist: netlist
          Floorplan: design_1
      Design limits: <entire design considered>
             Max violations: <unlimited>
             Violations found: 124
+-----------+------------------+--------------------------------+------------+
| Rule      | Severity         | Description                    | Violations |
+-----------+------------------+--------------------------------+------------+
| TIMING-17 | Critical Warning | Non-clocked sequential cell    | 52         |
| LUTAR-1   | Warning          | LUT drives async reset alert   | 1          |
| TIMING-18 | Warning          | Missing input or output delay  | 4          |
| TIMING-20 | Warning          | Non-clocked latch              | 66         |
| LATCH-1   | Advisory         | Existing latches in the design | 1          |
+-----------+------------------+--------------------------------+------------+

2. REPORT DETAILS
-----------------
TIMING-17#1 Critical Warning
Non-clocked sequential cell  
The clock pin squash/SevenSegmentLED/AN_Out_reg[0]/C is not reached by a timing clock
Related violations: <none>

TIMING-17#2 Critical Warning
Non-clocked sequential cell  
The clock pin squash/SevenSegmentLED/AN_Out_reg[1]/C is not reached by a timing clock
Related violations: <none>

TIMING-17#3 Critical Warning
Non-clocked sequential cell  
The clock pin squash/SevenSegmentLED/AN_Out_reg[2]/C is not reached by a timing clock
Related violations: <none>

TIMING-17#4 Critical Warning
Non-clocked sequential cell  
The clock pin squash/SevenSegmentLED/AN_Out_reg[3]/C is not reached by a timing clock
Related violations: <none>

TIMING-17#5 Critical Warning
Non-clocked sequential cell  
The clock pin squash/SevenSegmentLED/AN_Out_reg[4]/C is not reached by a timing clock
Related violations: <none>

TIMING-17#6 Critical Warning
Non-clocked sequential cell  
The clock pin squash/SevenSegmentLED/AN_Out_reg[5]/C is not reached by a timing clock
Related violations: <none>

TIMING-17#7 Critical Warning
Non-clocked sequential cell  
The clock pin squash/SevenSegmentLED/AN_Out_reg[6]/C is not reached by a timing clock
Related violations: <none>

TIMING-17#8 Critical Warning
Non-clocked sequential cell  
The clock pin squash/SevenSegmentLED/AN_Out_reg[7]/C is not reached by a timing clock
Related violations: <none>

TIMING-17#9 Critical Warning
Non-clocked sequential cell  
The clock pin squash/SevenSegmentLED/C_Out_reg[0]/C is not reached by a timing clock
Related violations: <none>

TIMING-17#10 Critical Warning
Non-clocked sequential cell  
The clock pin squash/SevenSegmentLED/C_Out_reg[1]/C is not reached by a timing clock
Related violations: <none>

TIMING-17#11 Critical Warning
Non-clocked sequential cell  
The clock pin squash/SevenSegmentLED/C_Out_reg[2]/C is not reached by a timing clock
Related violations: <none>

TIMING-17#12 Critical Warning
Non-clocked sequential cell  
The clock pin squash/SevenSegmentLED/C_Out_reg[3]/C is not reached by a timing clock
Related violations: <none>

TIMING-17#13 Critical Warning
Non-clocked sequential cell  
The clock pin squash/SevenSegmentLED/C_Out_reg[4]/C is not reached by a timing clock
Related violations: <none>

TIMING-17#14 Critical Warning
Non-clocked sequential cell  
The clock pin squash/SevenSegmentLED/C_Out_reg[5]/C is not reached by a timing clock
Related violations: <none>

TIMING-17#15 Critical Warning
Non-clocked sequential cell  
The clock pin squash/SevenSegmentLED/C_Out_reg[6]/C is not reached by a timing clock
Related violations: <none>

TIMING-17#16 Critical Warning
Non-clocked sequential cell  
The clock pin squash/SevenSegmentLED/LEDCounter_reg[0]/C is not reached by a timing clock
Related violations: <none>

TIMING-17#17 Critical Warning
Non-clocked sequential cell  
The clock pin squash/SevenSegmentLED/LEDCounter_reg[1]/C is not reached by a timing clock
Related violations: <none>

TIMING-17#18 Critical Warning
Non-clocked sequential cell  
The clock pin squash/SevenSegmentLED/LEDCounter_reg[2]/C is not reached by a timing clock
Related violations: <none>

TIMING-17#19 Critical Warning
Non-clocked sequential cell  
The clock pin squash/si/bnf/bnf/Q_reg[0]/C is not reached by a timing clock
Related violations: <none>

TIMING-17#20 Critical Warning
Non-clocked sequential cell  
The clock pin squash/si/bnf/bnf/Q_reg[1]/C is not reached by a timing clock
Related violations: <none>

TIMING-17#21 Critical Warning
Non-clocked sequential cell  
The clock pin squash/si/bnf/bnf/Q_reg[2]/C is not reached by a timing clock
Related violations: <none>

TIMING-17#22 Critical Warning
Non-clocked sequential cell  
The clock pin squash/si/bnf/bnf/Q_reg[3]/C is not reached by a timing clock
Related violations: <none>

TIMING-17#23 Critical Warning
Non-clocked sequential cell  
The clock pin squash/si/bnf/bnf/Qprev_reg[0]/C is not reached by a timing clock
Related violations: <none>

TIMING-17#24 Critical Warning
Non-clocked sequential cell  
The clock pin squash/si/bnf/bnf/Qprev_reg[1]/C is not reached by a timing clock
Related violations: <none>

TIMING-17#25 Critical Warning
Non-clocked sequential cell  
The clock pin squash/si/bnf/bnf/Qprev_reg[2]/C is not reached by a timing clock
Related violations: <none>

TIMING-17#26 Critical Warning
Non-clocked sequential cell  
The clock pin squash/si/bnf/bnf/Qprev_reg[3]/C is not reached by a timing clock
Related violations: <none>

TIMING-17#27 Critical Warning
Non-clocked sequential cell  
The clock pin tennis/SevenSegmentLED/AN_Out_reg[0]/C is not reached by a timing clock
Related violations: <none>

TIMING-17#28 Critical Warning
Non-clocked sequential cell  
The clock pin tennis/SevenSegmentLED/AN_Out_reg[1]/C is not reached by a timing clock
Related violations: <none>

TIMING-17#29 Critical Warning
Non-clocked sequential cell  
The clock pin tennis/SevenSegmentLED/AN_Out_reg[2]/C is not reached by a timing clock
Related violations: <none>

TIMING-17#30 Critical Warning
Non-clocked sequential cell  
The clock pin tennis/SevenSegmentLED/AN_Out_reg[3]/C is not reached by a timing clock
Related violations: <none>

TIMING-17#31 Critical Warning
Non-clocked sequential cell  
The clock pin tennis/SevenSegmentLED/AN_Out_reg[4]/C is not reached by a timing clock
Related violations: <none>

TIMING-17#32 Critical Warning
Non-clocked sequential cell  
The clock pin tennis/SevenSegmentLED/AN_Out_reg[5]/C is not reached by a timing clock
Related violations: <none>

TIMING-17#33 Critical Warning
Non-clocked sequential cell  
The clock pin tennis/SevenSegmentLED/AN_Out_reg[6]/C is not reached by a timing clock
Related violations: <none>

TIMING-17#34 Critical Warning
Non-clocked sequential cell  
The clock pin tennis/SevenSegmentLED/AN_Out_reg[7]/C is not reached by a timing clock
Related violations: <none>

TIMING-17#35 Critical Warning
Non-clocked sequential cell  
The clock pin tennis/SevenSegmentLED/C_Out_reg[0]/C is not reached by a timing clock
Related violations: <none>

TIMING-17#36 Critical Warning
Non-clocked sequential cell  
The clock pin tennis/SevenSegmentLED/C_Out_reg[1]/C is not reached by a timing clock
Related violations: <none>

TIMING-17#37 Critical Warning
Non-clocked sequential cell  
The clock pin tennis/SevenSegmentLED/C_Out_reg[2]/C is not reached by a timing clock
Related violations: <none>

TIMING-17#38 Critical Warning
Non-clocked sequential cell  
The clock pin tennis/SevenSegmentLED/C_Out_reg[3]/C is not reached by a timing clock
Related violations: <none>

TIMING-17#39 Critical Warning
Non-clocked sequential cell  
The clock pin tennis/SevenSegmentLED/C_Out_reg[4]/C is not reached by a timing clock
Related violations: <none>

TIMING-17#40 Critical Warning
Non-clocked sequential cell  
The clock pin tennis/SevenSegmentLED/C_Out_reg[5]/C is not reached by a timing clock
Related violations: <none>

TIMING-17#41 Critical Warning
Non-clocked sequential cell  
The clock pin tennis/SevenSegmentLED/C_Out_reg[6]/C is not reached by a timing clock
Related violations: <none>

TIMING-17#42 Critical Warning
Non-clocked sequential cell  
The clock pin tennis/SevenSegmentLED/LEDCounter_reg[0]/C is not reached by a timing clock
Related violations: <none>

TIMING-17#43 Critical Warning
Non-clocked sequential cell  
The clock pin tennis/SevenSegmentLED/LEDCounter_reg[1]/C is not reached by a timing clock
Related violations: <none>

TIMING-17#44 Critical Warning
Non-clocked sequential cell  
The clock pin tennis/SevenSegmentLED/LEDCounter_reg[2]/C is not reached by a timing clock
Related violations: <none>

TIMING-17#45 Critical Warning
Non-clocked sequential cell  
The clock pin tennis/bnf/bnf/bnf/Q_reg[0]/C is not reached by a timing clock
Related violations: <none>

TIMING-17#46 Critical Warning
Non-clocked sequential cell  
The clock pin tennis/bnf/bnf/bnf/Q_reg[1]/C is not reached by a timing clock
Related violations: <none>

TIMING-17#47 Critical Warning
Non-clocked sequential cell  
The clock pin tennis/bnf/bnf/bnf/Q_reg[2]/C is not reached by a timing clock
Related violations: <none>

TIMING-17#48 Critical Warning
Non-clocked sequential cell  
The clock pin tennis/bnf/bnf/bnf/Q_reg[3]/C is not reached by a timing clock
Related violations: <none>

TIMING-17#49 Critical Warning
Non-clocked sequential cell  
The clock pin tennis/bnf/bnf/bnf/Qprev_reg[0]/C is not reached by a timing clock
Related violations: <none>

TIMING-17#50 Critical Warning
Non-clocked sequential cell  
The clock pin tennis/bnf/bnf/bnf/Qprev_reg[1]/C is not reached by a timing clock
Related violations: <none>

TIMING-17#51 Critical Warning
Non-clocked sequential cell  
The clock pin tennis/bnf/bnf/bnf/Qprev_reg[2]/C is not reached by a timing clock
Related violations: <none>

TIMING-17#52 Critical Warning
Non-clocked sequential cell  
The clock pin tennis/bnf/bnf/bnf/Qprev_reg[3]/C is not reached by a timing clock
Related violations: <none>

LUTAR-1#1 Warning
LUT drives async reset alert  
LUT cell tennis/bnf/bnf/vcd/FSM_sequential_Q[2]_i_1, with 2 or more inputs, drives asynchronous preset/clear pin(s) squash/si/db1/deb_countprev_reg[16]/CLR,
squash/si/db1/deb_countprev_reg[17]/CLR,
squash/si/db1/deb_countprev_reg[18]/CLR,
squash/si/db1/deb_countprev_reg[19]/CLR,
squash/si/db1/deb_countprev_reg[1]/CLR,
squash/si/db1/deb_countprev_reg[20]/CLR,
squash/si/db1/deb_countprev_reg[21]/CLR,
squash/si/db1/deb_countprev_reg[2]/CLR,
squash/si/db1/deb_countprev_reg[3]/CLR,
squash/si/db1/deb_countprev_reg[4]/CLR,
squash/si/db1/deb_countprev_reg[5]/CLR,
squash/si/db1/deb_countprev_reg[6]/CLR,
squash/si/db1/deb_countprev_reg[7]/CLR,
squash/si/db1/deb_countprev_reg[8]/CLR,
squash/si/db1/deb_countprev_reg[9]/CLR (the first 15 of 203 listed). The LUT may glitch and trigger an unexpected reset, even if it is a properly timed path.
Related violations: <none>

TIMING-18#1 Warning
Missing input or output delay  
An input delay is missing on pone relative to clock(s) sys_clk_pin
Related violations: <none>

TIMING-18#2 Warning
Missing input or output delay  
An input delay is missing on ptwo relative to clock(s) sys_clk_pin
Related violations: <none>

TIMING-18#3 Warning
Missing input or output delay  
An input delay is missing on reset relative to clock(s) sys_clk_pin
Related violations: <none>

TIMING-18#4 Warning
Missing input or output delay  
An input delay is missing on toggle relative to clock(s) sys_clk_pin
Related violations: <none>

TIMING-20#1 Warning
Non-clocked latch  
The latch squash/si/db1/deb_count_reg[0] cannot be properly analyzed as its control pin squash/si/db1/deb_count_reg[0]/G is not reached by a timing clock
Related violations: <none>

TIMING-20#2 Warning
Non-clocked latch  
The latch squash/si/db1/deb_count_reg[10] cannot be properly analyzed as its control pin squash/si/db1/deb_count_reg[10]/G is not reached by a timing clock
Related violations: <none>

TIMING-20#3 Warning
Non-clocked latch  
The latch squash/si/db1/deb_count_reg[11] cannot be properly analyzed as its control pin squash/si/db1/deb_count_reg[11]/G is not reached by a timing clock
Related violations: <none>

TIMING-20#4 Warning
Non-clocked latch  
The latch squash/si/db1/deb_count_reg[12] cannot be properly analyzed as its control pin squash/si/db1/deb_count_reg[12]/G is not reached by a timing clock
Related violations: <none>

TIMING-20#5 Warning
Non-clocked latch  
The latch squash/si/db1/deb_count_reg[13] cannot be properly analyzed as its control pin squash/si/db1/deb_count_reg[13]/G is not reached by a timing clock
Related violations: <none>

TIMING-20#6 Warning
Non-clocked latch  
The latch squash/si/db1/deb_count_reg[14] cannot be properly analyzed as its control pin squash/si/db1/deb_count_reg[14]/G is not reached by a timing clock
Related violations: <none>

TIMING-20#7 Warning
Non-clocked latch  
The latch squash/si/db1/deb_count_reg[15] cannot be properly analyzed as its control pin squash/si/db1/deb_count_reg[15]/G is not reached by a timing clock
Related violations: <none>

TIMING-20#8 Warning
Non-clocked latch  
The latch squash/si/db1/deb_count_reg[16] cannot be properly analyzed as its control pin squash/si/db1/deb_count_reg[16]/G is not reached by a timing clock
Related violations: <none>

TIMING-20#9 Warning
Non-clocked latch  
The latch squash/si/db1/deb_count_reg[17] cannot be properly analyzed as its control pin squash/si/db1/deb_count_reg[17]/G is not reached by a timing clock
Related violations: <none>

TIMING-20#10 Warning
Non-clocked latch  
The latch squash/si/db1/deb_count_reg[18] cannot be properly analyzed as its control pin squash/si/db1/deb_count_reg[18]/G is not reached by a timing clock
Related violations: <none>

TIMING-20#11 Warning
Non-clocked latch  
The latch squash/si/db1/deb_count_reg[19] cannot be properly analyzed as its control pin squash/si/db1/deb_count_reg[19]/G is not reached by a timing clock
Related violations: <none>

TIMING-20#12 Warning
Non-clocked latch  
The latch squash/si/db1/deb_count_reg[1] cannot be properly analyzed as its control pin squash/si/db1/deb_count_reg[1]/G is not reached by a timing clock
Related violations: <none>

TIMING-20#13 Warning
Non-clocked latch  
The latch squash/si/db1/deb_count_reg[20] cannot be properly analyzed as its control pin squash/si/db1/deb_count_reg[20]/G is not reached by a timing clock
Related violations: <none>

TIMING-20#14 Warning
Non-clocked latch  
The latch squash/si/db1/deb_count_reg[21] cannot be properly analyzed as its control pin squash/si/db1/deb_count_reg[21]/G is not reached by a timing clock
Related violations: <none>

TIMING-20#15 Warning
Non-clocked latch  
The latch squash/si/db1/deb_count_reg[2] cannot be properly analyzed as its control pin squash/si/db1/deb_count_reg[2]/G is not reached by a timing clock
Related violations: <none>

TIMING-20#16 Warning
Non-clocked latch  
The latch squash/si/db1/deb_count_reg[3] cannot be properly analyzed as its control pin squash/si/db1/deb_count_reg[3]/G is not reached by a timing clock
Related violations: <none>

TIMING-20#17 Warning
Non-clocked latch  
The latch squash/si/db1/deb_count_reg[4] cannot be properly analyzed as its control pin squash/si/db1/deb_count_reg[4]/G is not reached by a timing clock
Related violations: <none>

TIMING-20#18 Warning
Non-clocked latch  
The latch squash/si/db1/deb_count_reg[5] cannot be properly analyzed as its control pin squash/si/db1/deb_count_reg[5]/G is not reached by a timing clock
Related violations: <none>

TIMING-20#19 Warning
Non-clocked latch  
The latch squash/si/db1/deb_count_reg[6] cannot be properly analyzed as its control pin squash/si/db1/deb_count_reg[6]/G is not reached by a timing clock
Related violations: <none>

TIMING-20#20 Warning
Non-clocked latch  
The latch squash/si/db1/deb_count_reg[7] cannot be properly analyzed as its control pin squash/si/db1/deb_count_reg[7]/G is not reached by a timing clock
Related violations: <none>

TIMING-20#21 Warning
Non-clocked latch  
The latch squash/si/db1/deb_count_reg[8] cannot be properly analyzed as its control pin squash/si/db1/deb_count_reg[8]/G is not reached by a timing clock
Related violations: <none>

TIMING-20#22 Warning
Non-clocked latch  
The latch squash/si/db1/deb_count_reg[9] cannot be properly analyzed as its control pin squash/si/db1/deb_count_reg[9]/G is not reached by a timing clock
Related violations: <none>

TIMING-20#23 Warning
Non-clocked latch  
The latch tennis/bnf/db1/deb_count_reg[0] cannot be properly analyzed as its control pin tennis/bnf/db1/deb_count_reg[0]/G is not reached by a timing clock
Related violations: <none>

TIMING-20#24 Warning
Non-clocked latch  
The latch tennis/bnf/db1/deb_count_reg[10] cannot be properly analyzed as its control pin tennis/bnf/db1/deb_count_reg[10]/G is not reached by a timing clock
Related violations: <none>

TIMING-20#25 Warning
Non-clocked latch  
The latch tennis/bnf/db1/deb_count_reg[11] cannot be properly analyzed as its control pin tennis/bnf/db1/deb_count_reg[11]/G is not reached by a timing clock
Related violations: <none>

TIMING-20#26 Warning
Non-clocked latch  
The latch tennis/bnf/db1/deb_count_reg[12] cannot be properly analyzed as its control pin tennis/bnf/db1/deb_count_reg[12]/G is not reached by a timing clock
Related violations: <none>

TIMING-20#27 Warning
Non-clocked latch  
The latch tennis/bnf/db1/deb_count_reg[13] cannot be properly analyzed as its control pin tennis/bnf/db1/deb_count_reg[13]/G is not reached by a timing clock
Related violations: <none>

TIMING-20#28 Warning
Non-clocked latch  
The latch tennis/bnf/db1/deb_count_reg[14] cannot be properly analyzed as its control pin tennis/bnf/db1/deb_count_reg[14]/G is not reached by a timing clock
Related violations: <none>

TIMING-20#29 Warning
Non-clocked latch  
The latch tennis/bnf/db1/deb_count_reg[15] cannot be properly analyzed as its control pin tennis/bnf/db1/deb_count_reg[15]/G is not reached by a timing clock
Related violations: <none>

TIMING-20#30 Warning
Non-clocked latch  
The latch tennis/bnf/db1/deb_count_reg[16] cannot be properly analyzed as its control pin tennis/bnf/db1/deb_count_reg[16]/G is not reached by a timing clock
Related violations: <none>

TIMING-20#31 Warning
Non-clocked latch  
The latch tennis/bnf/db1/deb_count_reg[17] cannot be properly analyzed as its control pin tennis/bnf/db1/deb_count_reg[17]/G is not reached by a timing clock
Related violations: <none>

TIMING-20#32 Warning
Non-clocked latch  
The latch tennis/bnf/db1/deb_count_reg[18] cannot be properly analyzed as its control pin tennis/bnf/db1/deb_count_reg[18]/G is not reached by a timing clock
Related violations: <none>

TIMING-20#33 Warning
Non-clocked latch  
The latch tennis/bnf/db1/deb_count_reg[19] cannot be properly analyzed as its control pin tennis/bnf/db1/deb_count_reg[19]/G is not reached by a timing clock
Related violations: <none>

TIMING-20#34 Warning
Non-clocked latch  
The latch tennis/bnf/db1/deb_count_reg[1] cannot be properly analyzed as its control pin tennis/bnf/db1/deb_count_reg[1]/G is not reached by a timing clock
Related violations: <none>

TIMING-20#35 Warning
Non-clocked latch  
The latch tennis/bnf/db1/deb_count_reg[20] cannot be properly analyzed as its control pin tennis/bnf/db1/deb_count_reg[20]/G is not reached by a timing clock
Related violations: <none>

TIMING-20#36 Warning
Non-clocked latch  
The latch tennis/bnf/db1/deb_count_reg[21] cannot be properly analyzed as its control pin tennis/bnf/db1/deb_count_reg[21]/G is not reached by a timing clock
Related violations: <none>

TIMING-20#37 Warning
Non-clocked latch  
The latch tennis/bnf/db1/deb_count_reg[2] cannot be properly analyzed as its control pin tennis/bnf/db1/deb_count_reg[2]/G is not reached by a timing clock
Related violations: <none>

TIMING-20#38 Warning
Non-clocked latch  
The latch tennis/bnf/db1/deb_count_reg[3] cannot be properly analyzed as its control pin tennis/bnf/db1/deb_count_reg[3]/G is not reached by a timing clock
Related violations: <none>

TIMING-20#39 Warning
Non-clocked latch  
The latch tennis/bnf/db1/deb_count_reg[4] cannot be properly analyzed as its control pin tennis/bnf/db1/deb_count_reg[4]/G is not reached by a timing clock
Related violations: <none>

TIMING-20#40 Warning
Non-clocked latch  
The latch tennis/bnf/db1/deb_count_reg[5] cannot be properly analyzed as its control pin tennis/bnf/db1/deb_count_reg[5]/G is not reached by a timing clock
Related violations: <none>

TIMING-20#41 Warning
Non-clocked latch  
The latch tennis/bnf/db1/deb_count_reg[6] cannot be properly analyzed as its control pin tennis/bnf/db1/deb_count_reg[6]/G is not reached by a timing clock
Related violations: <none>

TIMING-20#42 Warning
Non-clocked latch  
The latch tennis/bnf/db1/deb_count_reg[7] cannot be properly analyzed as its control pin tennis/bnf/db1/deb_count_reg[7]/G is not reached by a timing clock
Related violations: <none>

TIMING-20#43 Warning
Non-clocked latch  
The latch tennis/bnf/db1/deb_count_reg[8] cannot be properly analyzed as its control pin tennis/bnf/db1/deb_count_reg[8]/G is not reached by a timing clock
Related violations: <none>

TIMING-20#44 Warning
Non-clocked latch  
The latch tennis/bnf/db1/deb_count_reg[9] cannot be properly analyzed as its control pin tennis/bnf/db1/deb_count_reg[9]/G is not reached by a timing clock
Related violations: <none>

TIMING-20#45 Warning
Non-clocked latch  
The latch tennis/bnf/db2/deb_count_reg[0] cannot be properly analyzed as its control pin tennis/bnf/db2/deb_count_reg[0]/G is not reached by a timing clock
Related violations: <none>

TIMING-20#46 Warning
Non-clocked latch  
The latch tennis/bnf/db2/deb_count_reg[10] cannot be properly analyzed as its control pin tennis/bnf/db2/deb_count_reg[10]/G is not reached by a timing clock
Related violations: <none>

TIMING-20#47 Warning
Non-clocked latch  
The latch tennis/bnf/db2/deb_count_reg[11] cannot be properly analyzed as its control pin tennis/bnf/db2/deb_count_reg[11]/G is not reached by a timing clock
Related violations: <none>

TIMING-20#48 Warning
Non-clocked latch  
The latch tennis/bnf/db2/deb_count_reg[12] cannot be properly analyzed as its control pin tennis/bnf/db2/deb_count_reg[12]/G is not reached by a timing clock
Related violations: <none>

TIMING-20#49 Warning
Non-clocked latch  
The latch tennis/bnf/db2/deb_count_reg[13] cannot be properly analyzed as its control pin tennis/bnf/db2/deb_count_reg[13]/G is not reached by a timing clock
Related violations: <none>

TIMING-20#50 Warning
Non-clocked latch  
The latch tennis/bnf/db2/deb_count_reg[14] cannot be properly analyzed as its control pin tennis/bnf/db2/deb_count_reg[14]/G is not reached by a timing clock
Related violations: <none>

TIMING-20#51 Warning
Non-clocked latch  
The latch tennis/bnf/db2/deb_count_reg[15] cannot be properly analyzed as its control pin tennis/bnf/db2/deb_count_reg[15]/G is not reached by a timing clock
Related violations: <none>

TIMING-20#52 Warning
Non-clocked latch  
The latch tennis/bnf/db2/deb_count_reg[16] cannot be properly analyzed as its control pin tennis/bnf/db2/deb_count_reg[16]/G is not reached by a timing clock
Related violations: <none>

TIMING-20#53 Warning
Non-clocked latch  
The latch tennis/bnf/db2/deb_count_reg[17] cannot be properly analyzed as its control pin tennis/bnf/db2/deb_count_reg[17]/G is not reached by a timing clock
Related violations: <none>

TIMING-20#54 Warning
Non-clocked latch  
The latch tennis/bnf/db2/deb_count_reg[18] cannot be properly analyzed as its control pin tennis/bnf/db2/deb_count_reg[18]/G is not reached by a timing clock
Related violations: <none>

TIMING-20#55 Warning
Non-clocked latch  
The latch tennis/bnf/db2/deb_count_reg[19] cannot be properly analyzed as its control pin tennis/bnf/db2/deb_count_reg[19]/G is not reached by a timing clock
Related violations: <none>

TIMING-20#56 Warning
Non-clocked latch  
The latch tennis/bnf/db2/deb_count_reg[1] cannot be properly analyzed as its control pin tennis/bnf/db2/deb_count_reg[1]/G is not reached by a timing clock
Related violations: <none>

TIMING-20#57 Warning
Non-clocked latch  
The latch tennis/bnf/db2/deb_count_reg[20] cannot be properly analyzed as its control pin tennis/bnf/db2/deb_count_reg[20]/G is not reached by a timing clock
Related violations: <none>

TIMING-20#58 Warning
Non-clocked latch  
The latch tennis/bnf/db2/deb_count_reg[21] cannot be properly analyzed as its control pin tennis/bnf/db2/deb_count_reg[21]/G is not reached by a timing clock
Related violations: <none>

TIMING-20#59 Warning
Non-clocked latch  
The latch tennis/bnf/db2/deb_count_reg[2] cannot be properly analyzed as its control pin tennis/bnf/db2/deb_count_reg[2]/G is not reached by a timing clock
Related violations: <none>

TIMING-20#60 Warning
Non-clocked latch  
The latch tennis/bnf/db2/deb_count_reg[3] cannot be properly analyzed as its control pin tennis/bnf/db2/deb_count_reg[3]/G is not reached by a timing clock
Related violations: <none>

TIMING-20#61 Warning
Non-clocked latch  
The latch tennis/bnf/db2/deb_count_reg[4] cannot be properly analyzed as its control pin tennis/bnf/db2/deb_count_reg[4]/G is not reached by a timing clock
Related violations: <none>

TIMING-20#62 Warning
Non-clocked latch  
The latch tennis/bnf/db2/deb_count_reg[5] cannot be properly analyzed as its control pin tennis/bnf/db2/deb_count_reg[5]/G is not reached by a timing clock
Related violations: <none>

TIMING-20#63 Warning
Non-clocked latch  
The latch tennis/bnf/db2/deb_count_reg[6] cannot be properly analyzed as its control pin tennis/bnf/db2/deb_count_reg[6]/G is not reached by a timing clock
Related violations: <none>

TIMING-20#64 Warning
Non-clocked latch  
The latch tennis/bnf/db2/deb_count_reg[7] cannot be properly analyzed as its control pin tennis/bnf/db2/deb_count_reg[7]/G is not reached by a timing clock
Related violations: <none>

TIMING-20#65 Warning
Non-clocked latch  
The latch tennis/bnf/db2/deb_count_reg[8] cannot be properly analyzed as its control pin tennis/bnf/db2/deb_count_reg[8]/G is not reached by a timing clock
Related violations: <none>

TIMING-20#66 Warning
Non-clocked latch  
The latch tennis/bnf/db2/deb_count_reg[9] cannot be properly analyzed as its control pin tennis/bnf/db2/deb_count_reg[9]/G is not reached by a timing clock
Related violations: <none>

LATCH-1#1 Advisory
Existing latches in the design  
There are 66 latches found in the design. Inferred latches are often the result of HDL coding mistakes, such as incomplete if or case statements.
Related violations: <none>


